2019-04-30T00:00:00.5935631+03:00 0HLMCSM67D4FV:00000003 [DBG] Request path "/.well-known/openid-configuration" matched to endpoint type "Discovery" (b74352b0)
2019-04-30T00:00:00.6037280+03:00 0HLMCSM67D4FV:00000003 [DBG] Endpoint enabled: "Discovery", successfully created handler: "IdentityServer4.Endpoints.DiscoveryEndpoint" (6a71c571)
2019-04-30T00:00:00.6040225+03:00 0HLMCSM67D4FV:00000003 [INF] Invoking IdentityServer endpoint: "IdentityServer4.Endpoints.DiscoveryEndpoint" for "/.well-known/openid-configuration" (f7642de5)
2019-04-30T00:00:00.6096489+03:00 0HLMCSM67D4FV:00000003 [DBG] Start discovery request (900801a8)
2019-04-30T00:00:00.7370834+03:00 0HLMCSM67D4FT:00000009 [DBG] Request path "/.well-known/openid-configuration/jwks" matched to endpoint type "Discovery" (b74352b0)
2019-04-30T00:00:00.7383185+03:00 0HLMCSM67D4FT:00000009 [DBG] Endpoint enabled: "Discovery", successfully created handler: "IdentityServer4.Endpoints.DiscoveryKeyEndpoint" (6a71c571)
2019-04-30T00:00:00.7383706+03:00 0HLMCSM67D4FT:00000009 [INF] Invoking IdentityServer endpoint: "IdentityServer4.Endpoints.DiscoveryKeyEndpoint" for "/.well-known/openid-configuration/jwks" (f7642de5)
2019-04-30T00:00:00.7434842+03:00 0HLMCSM67D4FT:00000009 [DBG] Start key discovery request (d54f3b67)
2019-04-30T00:00:00.8364292+03:00 0HLMCSM67D4FU:00000002 [DBG] AuthenticationScheme: "Bearer" was successfully authenticated. (1805f3b3)
2019-04-30T00:12:42.8561575+03:00  [INF] Starting IdentityServer4 version "2.3.2.0" (8add0571)
2019-04-30T00:12:42.8878876+03:00  [INF] You are using the in-memory version of the persisted grant store. This will store consent decisions, authorization codes, refresh and reference tokens in memory only. If you are using any of those features in production, you want to switch to a different store implementation. (553c312b)
2019-04-30T00:12:42.9148914+03:00  [INF] Using the default authentication scheme "Identity.Application" for IdentityServer (4a54f457)
2019-04-30T00:12:42.9149254+03:00  [DBG] Using "Identity.Application" as default ASP.NET Core scheme for authentication (0e978528)
2019-04-30T00:12:42.9149620+03:00  [DBG] Using "Identity.External" as default ASP.NET Core scheme for sign-in (efa4d8bf)
2019-04-30T00:12:42.9149892+03:00  [DBG] Using "Identity.External" as default ASP.NET Core scheme for sign-out (af69d411)
2019-04-30T00:12:42.9150085+03:00  [DBG] Using "Identity.Application" as default ASP.NET Core scheme for challenge (a98173a7)
2019-04-30T00:12:42.9150308+03:00  [DBG] Using "Identity.Application" as default ASP.NET Core scheme for forbid (0f42bc5a)
2019-04-30T00:12:43.6276022+03:00 0HLMCSTLPSSO7:00000001 [DBG] Login Url: "/Account/Login" (4c3637df)
2019-04-30T00:12:43.6318805+03:00 0HLMCSTLPSSO7:00000001 [DBG] Login Return Url Parameter: "ReturnUrl" (d7f52555)
2019-04-30T00:12:43.6319670+03:00 0HLMCSTLPSSO7:00000001 [DBG] Logout Url: "/Account/Logout" (0e25d80b)
2019-04-30T00:12:43.6319889+03:00 0HLMCSTLPSSO7:00000001 [DBG] ConsentUrl Url: "/consent" (8c361a61)
2019-04-30T00:12:43.6320085+03:00 0HLMCSTLPSSO7:00000001 [DBG] Consent Return Url Parameter: "returnUrl" (86725be5)
2019-04-30T00:12:43.6320244+03:00 0HLMCSTLPSSO7:00000001 [DBG] Error Url: "/home/error" (78f587f6)
2019-04-30T00:12:43.6320414+03:00 0HLMCSTLPSSO7:00000001 [DBG] Error Id Parameter: "errorId" (6647d385)
2019-04-30T00:17:56.3392428+03:00  [INF] Starting IdentityServer4 version "2.3.2.0" (8add0571)
2019-04-30T00:17:56.3710729+03:00  [INF] You are using the in-memory version of the persisted grant store. This will store consent decisions, authorization codes, refresh and reference tokens in memory only. If you are using any of those features in production, you want to switch to a different store implementation. (553c312b)
2019-04-30T00:17:56.3882382+03:00  [INF] Using the default authentication scheme "Identity.Application" for IdentityServer (4a54f457)
2019-04-30T00:17:56.3883862+03:00  [DBG] Using "Identity.Application" as default ASP.NET Core scheme for authentication (0e978528)
2019-04-30T00:17:56.3884844+03:00  [DBG] Using "Identity.External" as default ASP.NET Core scheme for sign-in (efa4d8bf)
2019-04-30T00:17:56.3885217+03:00  [DBG] Using "Identity.External" as default ASP.NET Core scheme for sign-out (af69d411)
2019-04-30T00:17:56.3885501+03:00  [DBG] Using "Identity.Application" as default ASP.NET Core scheme for challenge (a98173a7)
2019-04-30T00:17:56.3885818+03:00  [DBG] Using "Identity.Application" as default ASP.NET Core scheme for forbid (0f42bc5a)
2019-04-30T00:17:57.1691884+03:00 0HLMCT0J7P4QS:00000001 [DBG] Login Url: "/Account/Login" (4c3637df)
2019-04-30T00:17:57.1731640+03:00 0HLMCT0J7P4QS:00000001 [DBG] Login Return Url Parameter: "ReturnUrl" (d7f52555)
2019-04-30T00:17:57.1732693+03:00 0HLMCT0J7P4QS:00000001 [DBG] Logout Url: "/Account/Logout" (0e25d80b)
2019-04-30T00:17:57.1732912+03:00 0HLMCT0J7P4QS:00000001 [DBG] ConsentUrl Url: "/consent" (8c361a61)
2019-04-30T00:17:57.1733112+03:00 0HLMCT0J7P4QS:00000001 [DBG] Consent Return Url Parameter: "returnUrl" (86725be5)
2019-04-30T00:17:57.1733275+03:00 0HLMCT0J7P4QS:00000001 [DBG] Error Url: "/home/error" (78f587f6)
2019-04-30T00:17:57.1733426+03:00 0HLMCT0J7P4QS:00000001 [DBG] Error Id Parameter: "errorId" (6647d385)
2019-04-30T00:18:17.5706304+03:00  [INF] Starting IdentityServer4 version "2.3.2.0" (8add0571)
2019-04-30T00:18:17.6035355+03:00  [INF] You are using the in-memory version of the persisted grant store. This will store consent decisions, authorization codes, refresh and reference tokens in memory only. If you are using any of those features in production, you want to switch to a different store implementation. (553c312b)
2019-04-30T00:18:17.6205977+03:00  [INF] Using the default authentication scheme "Identity.Application" for IdentityServer (4a54f457)
2019-04-30T00:18:17.6206354+03:00  [DBG] Using "Identity.Application" as default ASP.NET Core scheme for authentication (0e978528)
2019-04-30T00:18:17.6206785+03:00  [DBG] Using "Identity.External" as default ASP.NET Core scheme for sign-in (efa4d8bf)
2019-04-30T00:18:17.6207170+03:00  [DBG] Using "Identity.External" as default ASP.NET Core scheme for sign-out (af69d411)
2019-04-30T00:18:17.6207419+03:00  [DBG] Using "Identity.Application" as default ASP.NET Core scheme for challenge (a98173a7)
2019-04-30T00:18:17.6207661+03:00  [DBG] Using "Identity.Application" as default ASP.NET Core scheme for forbid (0f42bc5a)
2019-04-30T00:18:18.2396964+03:00 0HLMCT0PH39NU:00000001 [DBG] Login Url: "/Account/Login" (4c3637df)
2019-04-30T00:18:18.2428636+03:00 0HLMCT0PH39NU:00000001 [DBG] Login Return Url Parameter: "ReturnUrl" (d7f52555)
2019-04-30T00:18:18.2429606+03:00 0HLMCT0PH39NU:00000001 [DBG] Logout Url: "/Account/Logout" (0e25d80b)
2019-04-30T00:18:18.2429844+03:00 0HLMCT0PH39NU:00000001 [DBG] ConsentUrl Url: "/consent" (8c361a61)
2019-04-30T00:18:18.2430071+03:00 0HLMCT0PH39NU:00000001 [DBG] Consent Return Url Parameter: "returnUrl" (86725be5)
2019-04-30T00:18:18.2430267+03:00 0HLMCT0PH39NU:00000001 [DBG] Error Url: "/home/error" (78f587f6)
2019-04-30T00:18:18.2430482+03:00 0HLMCT0PH39NU:00000001 [DBG] Error Id Parameter: "errorId" (6647d385)
2019-04-30T00:18:19.8914788+03:00 0HLMCT0PH39NU:00000002 [ERR] An unhandled exception has occurred while executing the request. (48a46595)
System.ArgumentNullException: Value cannot be null.
Parameter name: entity
   at Microsoft.EntityFrameworkCore.Utilities.Check.NotNull[T](T value, String parameterName)
   at Microsoft.EntityFrameworkCore.DbContext.Remove[TEntity](TEntity entity)
   at Microsoft.EntityFrameworkCore.Internal.InternalDbSet`1.Remove(TEntity entity)
   at Gamification.Controllers.TasksController.RemoveTask(String name) in D:\NURE\3 курс\2 семестр\ААПЗ\Курсач\Gamification\Gamification\Gamification\Controllers\TasksController.cs:line 52
   at lambda_method(Closure , Object , Object[] )
   at Microsoft.Extensions.Internal.ObjectMethodExecutor.Execute(Object target, Object[] parameters)
   at Microsoft.AspNetCore.Mvc.Internal.ActionMethodExecutor.SyncActionResultExecutor.Execute(IActionResultTypeMapper mapper, ObjectMethodExecutor executor, Object controller, Object[] arguments)
   at Microsoft.AspNetCore.Mvc.Internal.ControllerActionInvoker.InvokeActionMethodAsync()
   at Microsoft.AspNetCore.Mvc.Internal.ControllerActionInvoker.InvokeNextActionFilterAsync()
   at Microsoft.AspNetCore.Mvc.Internal.ControllerActionInvoker.Rethrow(ActionExecutedContext context)
   at Microsoft.AspNetCore.Mvc.Internal.ControllerActionInvoker.Next(State& next, Scope& scope, Object& state, Boolean& isCompleted)
   at Microsoft.AspNetCore.Mvc.Internal.ControllerActionInvoker.InvokeInnerFilterAsync()
   at Microsoft.AspNetCore.Mvc.Internal.ResourceInvoker.InvokeNextResourceFilter()
   at Microsoft.AspNetCore.Mvc.Internal.ResourceInvoker.Rethrow(ResourceExecutedContext context)
   at Microsoft.AspNetCore.Mvc.Internal.ResourceInvoker.Next(State& next, Scope& scope, Object& state, Boolean& isCompleted)
   at Microsoft.AspNetCore.Mvc.Internal.ResourceInvoker.InvokeFilterPipelineAsync()
   at Microsoft.AspNetCore.Mvc.Internal.ResourceInvoker.InvokeAsync()
   at Microsoft.AspNetCore.Routing.EndpointMiddleware.Invoke(HttpContext httpContext)
   at Microsoft.AspNetCore.Routing.EndpointRoutingMiddleware.Invoke(HttpContext httpContext)
   at Microsoft.AspNetCore.StaticFiles.StaticFileMiddleware.Invoke(HttpContext context)
   at Swashbuckle.AspNetCore.SwaggerUI.SwaggerUIMiddleware.Invoke(HttpContext httpContext)
   at Swashbuckle.AspNetCore.Swagger.SwaggerMiddleware.Invoke(HttpContext httpContext, ISwaggerProvider swaggerProvider)
   at IdentityServer4.Hosting.IdentityServerMiddleware.Invoke(HttpContext context, IEndpointRouter router, IUserSession session, IEventService events) in C:\local\identity\server4\IdentityServer4\src\Hosting\IdentityServerMiddleware.cs:line 72
   at Microsoft.AspNetCore.Authentication.AuthenticationMiddleware.Invoke(HttpContext context)
   at IdentityServer4.Hosting.BaseUrlMiddleware.Invoke(HttpContext context) in C:\local\identity\server4\IdentityServer4\src\Hosting\BaseUrlMiddleware.cs:line 36
   at Microsoft.AspNetCore.StaticFiles.StaticFileMiddleware.Invoke(HttpContext context)
   at Microsoft.AspNetCore.Diagnostics.DeveloperExceptionPageMiddleware.Invoke(HttpContext context)
2019-04-30T14:19:44.4532792+03:00  [INF] Starting IdentityServer4 version "2.3.2.0" (8add0571)
2019-04-30T14:19:44.4808668+03:00  [INF] You are using the in-memory version of the persisted grant store. This will store consent decisions, authorization codes, refresh and reference tokens in memory only. If you are using any of those features in production, you want to switch to a different store implementation. (553c312b)
2019-04-30T14:19:44.4980988+03:00  [INF] Using the default authentication scheme "Identity.Application" for IdentityServer (4a54f457)
2019-04-30T14:19:44.4981328+03:00  [DBG] Using "Identity.Application" as default ASP.NET Core scheme for authentication (0e978528)
2019-04-30T14:19:44.4981668+03:00  [DBG] Using "Identity.External" as default ASP.NET Core scheme for sign-in (efa4d8bf)
2019-04-30T14:19:44.4981993+03:00  [DBG] Using "Identity.External" as default ASP.NET Core scheme for sign-out (af69d411)
2019-04-30T14:19:44.4982246+03:00  [DBG] Using "Identity.Application" as default ASP.NET Core scheme for challenge (a98173a7)
2019-04-30T14:19:44.4982529+03:00  [DBG] Using "Identity.Application" as default ASP.NET Core scheme for forbid (0f42bc5a)
2019-04-30T14:19:45.3834194+03:00 0HLMDBMVR8DB7:00000001 [DBG] Login Url: "/Account/Login" (4c3637df)
2019-04-30T14:19:45.3876975+03:00 0HLMDBMVR8DB7:00000001 [DBG] Login Return Url Parameter: "ReturnUrl" (d7f52555)
2019-04-30T14:19:45.3878259+03:00 0HLMDBMVR8DB7:00000001 [DBG] Logout Url: "/Account/Logout" (0e25d80b)
2019-04-30T14:19:45.3878504+03:00 0HLMDBMVR8DB7:00000001 [DBG] ConsentUrl Url: "/consent" (8c361a61)
2019-04-30T14:19:45.3878855+03:00 0HLMDBMVR8DB7:00000001 [DBG] Consent Return Url Parameter: "returnUrl" (86725be5)
2019-04-30T14:19:45.3879055+03:00 0HLMDBMVR8DB7:00000001 [DBG] Error Url: "/home/error" (78f587f6)
2019-04-30T14:19:45.3879256+03:00 0HLMDBMVR8DB7:00000001 [DBG] Error Id Parameter: "errorId" (6647d385)
2019-04-30T14:20:41.1364888+03:00 0HLMDBMVR8DBD:00000003 [DBG] Request path "/.well-known/openid-configuration" matched to endpoint type "Discovery" (b74352b0)
2019-04-30T14:20:41.1479914+03:00 0HLMDBMVR8DBD:00000003 [DBG] Endpoint enabled: "Discovery", successfully created handler: "IdentityServer4.Endpoints.DiscoveryEndpoint" (6a71c571)
2019-04-30T14:20:41.1489270+03:00 0HLMDBMVR8DBD:00000003 [INF] Invoking IdentityServer endpoint: "IdentityServer4.Endpoints.DiscoveryEndpoint" for "/.well-known/openid-configuration" (f7642de5)
2019-04-30T14:20:41.1557291+03:00 0HLMDBMVR8DBD:00000003 [DBG] Start discovery request (900801a8)
2019-04-30T14:20:41.2506602+03:00 0HLMDBMVR8DB9:00000003 [DBG] Request path "/.well-known/openid-configuration/jwks" matched to endpoint type "Discovery" (b74352b0)
2019-04-30T14:20:41.2515027+03:00 0HLMDBMVR8DB9:00000003 [DBG] Endpoint enabled: "Discovery", successfully created handler: "IdentityServer4.Endpoints.DiscoveryKeyEndpoint" (6a71c571)
2019-04-30T14:20:41.2515657+03:00 0HLMDBMVR8DB9:00000003 [INF] Invoking IdentityServer endpoint: "IdentityServer4.Endpoints.DiscoveryKeyEndpoint" for "/.well-known/openid-configuration/jwks" (f7642de5)
2019-04-30T14:20:41.2553570+03:00 0HLMDBMVR8DB9:00000003 [DBG] Start key discovery request (d54f3b67)
2019-04-30T14:20:41.3680496+03:00 0HLMDBMVR8DB7:00000003 [INF] "Bearer" was not authenticated. Failure message: "IDX10223: Lifetime validation failed. The token is expired. ValidTo: '[PII is hidden]', Current time: '[PII is hidden]'." (48071232)
2019-04-30T14:20:41.4000036+03:00 0HLMDBMVR8DB7:00000003 [INF] AuthenticationScheme: "Bearer" was challenged. (d45f1f38)
2019-04-30T14:20:41.4151971+03:00 0HLMDBMVR8DB8:00000003 [DBG] Request path "/connect/token" matched to endpoint type "Token" (b74352b0)
2019-04-30T14:20:41.4245241+03:00 0HLMDBMVR8DB8:00000003 [DBG] Endpoint enabled: "Token", successfully created handler: "IdentityServer4.Endpoints.TokenEndpoint" (6a71c571)
2019-04-30T14:20:41.4246509+03:00 0HLMDBMVR8DB8:00000003 [INF] Invoking IdentityServer endpoint: "IdentityServer4.Endpoints.TokenEndpoint" for "/connect/token" (f7642de5)
2019-04-30T14:20:41.4385490+03:00 0HLMDBMVR8DB8:00000003 [DBG] Start token request. (0802328e)
2019-04-30T14:20:41.4536869+03:00 0HLMDBMVR8DB8:00000003 [DBG] Start client validation (1cdd9883)
2019-04-30T14:20:41.4639919+03:00 0HLMDBMVR8DB8:00000003 [DBG] Start parsing Basic Authentication secret (a451394d)
2019-04-30T14:20:41.4702459+03:00 0HLMDBMVR8DB8:00000003 [DBG] Start parsing for secret in post body (0b23e40a)
2019-04-30T14:20:41.5051117+03:00 0HLMDBMVR8DB8:00000003 [DBG] client id without secret found (ae2e948c)
2019-04-30T14:20:41.5055357+03:00 0HLMDBMVR8DB8:00000003 [DBG] Parser found secret: "PostBodySecretParser" (3b9cf89e)
2019-04-30T14:20:41.5056093+03:00 0HLMDBMVR8DB8:00000003 [DBG] Secret id found: "quickapp_spa" (87dc2f0b)
2019-04-30T14:20:41.5228471+03:00 0HLMDBMVR8DB8:00000003 [DBG] client configuration validation for client "quickapp_spa" succeeded. (6bfb2a56)
2019-04-30T14:20:41.5228958+03:00 0HLMDBMVR8DB8:00000003 [DBG] Public Client - skipping secret validation success (246bd553)
2019-04-30T14:20:41.5229275+03:00 0HLMDBMVR8DB8:00000003 [DBG] Client validation success (13727b61)
2019-04-30T14:20:41.5612713+03:00 0HLMDBMVR8DB8:00000003 [DBG] Start token request validation (e4a136aa)
2019-04-30T14:20:41.5732440+03:00 0HLMDBMVR8DB8:00000003 [DBG] Start validation of refresh token request (08a1e649)
2019-04-30T14:20:41.6033199+03:00 0HLMDBMVR8DB8:00000003 [DBG] "refresh_token" grant with value: "147a3c4e4d0fefeceb710ca7a1f0235542d7691bcebe302680b28c1333796e14" not found in store. (686b68c7)
2019-04-30T14:20:41.6037455+03:00 0HLMDBMVR8DB8:00000003 [WRN] Invalid refresh token (831190ec)
2019-04-30T14:20:41.6080578+03:00 0HLMDBMVR8DB8:00000003 [WRN] Refresh token validation failed. aborting., request details: "" (710da8bf)
2019-04-30T14:20:44.0629037+03:00 0HLMDBMVR8DBA:00000003 [DBG] Request path "/connect/token" matched to endpoint type "Token" (b74352b0)
2019-04-30T14:20:44.0634848+03:00 0HLMDBMVR8DBA:00000003 [DBG] Endpoint enabled: "Token", successfully created handler: "IdentityServer4.Endpoints.TokenEndpoint" (6a71c571)
2019-04-30T14:20:44.0635290+03:00 0HLMDBMVR8DBA:00000003 [INF] Invoking IdentityServer endpoint: "IdentityServer4.Endpoints.TokenEndpoint" for "/connect/token" (f7642de5)
2019-04-30T14:20:44.0637601+03:00 0HLMDBMVR8DBA:00000003 [DBG] Start token request. (0802328e)
2019-04-30T14:20:44.0638462+03:00 0HLMDBMVR8DBA:00000003 [DBG] Start client validation (1cdd9883)
2019-04-30T14:20:44.0640822+03:00 0HLMDBMVR8DBA:00000003 [DBG] Start parsing Basic Authentication secret (a451394d)
2019-04-30T14:20:44.0641449+03:00 0HLMDBMVR8DBA:00000003 [DBG] Start parsing for secret in post body (0b23e40a)
2019-04-30T14:20:44.0648000+03:00 0HLMDBMVR8DBA:00000003 [DBG] client id without secret found (ae2e948c)
2019-04-30T14:20:44.0648581+03:00 0HLMDBMVR8DBA:00000003 [DBG] Parser found secret: "PostBodySecretParser" (3b9cf89e)
2019-04-30T14:20:44.0648792+03:00 0HLMDBMVR8DBA:00000003 [DBG] Secret id found: "quickapp_spa" (87dc2f0b)
2019-04-30T14:20:44.0650446+03:00 0HLMDBMVR8DBA:00000003 [DBG] client configuration validation for client "quickapp_spa" succeeded. (6bfb2a56)
2019-04-30T14:20:44.0650677+03:00 0HLMDBMVR8DBA:00000003 [DBG] Public Client - skipping secret validation success (246bd553)
2019-04-30T14:20:44.0650858+03:00 0HLMDBMVR8DBA:00000003 [DBG] Client validation success (13727b61)
2019-04-30T14:20:44.0654373+03:00 0HLMDBMVR8DBA:00000003 [DBG] Start token request validation (e4a136aa)
2019-04-30T14:20:44.0837055+03:00 0HLMDBMVR8DBA:00000003 [DBG] Start resource owner password token request validation (ffc87ca2)
2019-04-30T14:20:44.6417249+03:00 0HLMDBMVR8DBA:00000003 [INF] Credentials validated for username: "User1" (cb811aa7)
2019-04-30T14:20:44.6720691+03:00 0HLMDBMVR8DBA:00000003 [DBG] Resource owner password token request validation success. (dab21d7d)
2019-04-30T14:20:44.6939779+03:00 0HLMDBMVR8DBA:00000003 [INF] Token request validation success
TokenRequestValidationLog { ClientId: "quickapp_spa", ClientName: null, GrantType: "password", Scopes: "email offline_access openid phone profile quickapp_api roles", AuthorizationCode: null, RefreshToken: null, UserName: "User1", AuthenticationContextReferenceClasses: null, Tenant: null, IdP: null, Raw: [("username": "User1"), ("password": "***REDACTED***"), ("client_id": "quickapp_spa"), ("grant_type": "password"), ("scope": "openid email phone profile offline_access roles quickapp_api")] } (fea7a3b2)
2019-04-30T14:20:44.7200409+03:00 0HLMDBMVR8DBA:00000003 [DBG] Getting claims for access token for client: "quickapp_spa" (0a96d240)
2019-04-30T14:20:44.7208191+03:00 0HLMDBMVR8DBA:00000003 [DBG] Getting claims for access token for subject: "caecda1e-1aab-44e2-af41-a5454ee9dce9" (3097278f)
2019-04-30T14:20:44.9338762+03:00 0HLMDBMVR8DBA:00000003 [DBG] Creating refresh token (6bc647f4)
2019-04-30T14:20:44.9339196+03:00 0HLMDBMVR8DBA:00000003 [DBG] Setting a sliding lifetime: 1296000 (c5d13f06)
2019-04-30T14:20:44.9641591+03:00 0HLMDBMVR8DBA:00000003 [DBG] Token request success. (ca53bd1f)
2019-04-30T14:20:55.2993445+03:00 0HLMDBMVR8DBD:00000004 [DBG] AuthenticationScheme: "Bearer" was successfully authenticated. (1805f3b3)
2019-04-30T14:20:57.1919408+03:00 0HLMDBMVR8DB7:00000004 [DBG] AuthenticationScheme: "Bearer" was successfully authenticated. (1805f3b3)
2019-04-30T14:20:57.2253857+03:00 0HLMDBMVR8DB8:00000004 [DBG] AuthenticationScheme: "Bearer" was successfully authenticated. (1805f3b3)
2019-04-30T14:20:57.2256414+03:00 0HLMDBMVR8DB8:00000004 [DBG] AuthenticationScheme: "Bearer" was successfully authenticated. (1805f3b3)
2019-04-30T14:20:59.7501518+03:00 0HLMDBMVR8DBD:00000005 [DBG] AuthenticationScheme: "Bearer" was successfully authenticated. (1805f3b3)
2019-04-30T14:20:59.7503002+03:00 0HLMDBMVR8DBD:00000005 [DBG] AuthenticationScheme: "Bearer" was successfully authenticated. (1805f3b3)
2019-04-30T14:20:59.7566780+03:00 0HLMDBMVR8DBA:00000004 [DBG] AuthenticationScheme: "Bearer" was successfully authenticated. (1805f3b3)
2019-04-30T14:20:59.7568377+03:00 0HLMDBMVR8DBA:00000004 [DBG] AuthenticationScheme: "Bearer" was successfully authenticated. (1805f3b3)
2019-04-30T14:25:08.1242192+03:00 0HLMDBMVR8DBE:00000001 [ERR] An unhandled exception has occurred while executing the request. (48a46595)
System.ArgumentNullException: Value cannot be null.
Parameter name: entity
   at Microsoft.EntityFrameworkCore.Utilities.Check.NotNull[T](T value, String parameterName)
   at Microsoft.EntityFrameworkCore.DbContext.Remove[TEntity](TEntity entity)
   at Microsoft.EntityFrameworkCore.Internal.InternalDbSet`1.Remove(TEntity entity)
   at Gamification.Controllers.TasksController.RemoveTask(String name) in D:\NURE\3 курс\2 семестр\ААПЗ\Курсач\Gamification\Gamification\Gamification\Controllers\TasksController.cs:line 52
   at lambda_method(Closure , Object , Object[] )
   at Microsoft.Extensions.Internal.ObjectMethodExecutor.Execute(Object target, Object[] parameters)
   at Microsoft.AspNetCore.Mvc.Internal.ActionMethodExecutor.SyncActionResultExecutor.Execute(IActionResultTypeMapper mapper, ObjectMethodExecutor executor, Object controller, Object[] arguments)
   at Microsoft.AspNetCore.Mvc.Internal.ControllerActionInvoker.InvokeActionMethodAsync()
   at Microsoft.AspNetCore.Mvc.Internal.ControllerActionInvoker.InvokeNextActionFilterAsync()
   at Microsoft.AspNetCore.Mvc.Internal.ControllerActionInvoker.Rethrow(ActionExecutedContext context)
   at Microsoft.AspNetCore.Mvc.Internal.ControllerActionInvoker.Next(State& next, Scope& scope, Object& state, Boolean& isCompleted)
   at Microsoft.AspNetCore.Mvc.Internal.ControllerActionInvoker.InvokeInnerFilterAsync()
   at Microsoft.AspNetCore.Mvc.Internal.ResourceInvoker.InvokeNextResourceFilter()
   at Microsoft.AspNetCore.Mvc.Internal.ResourceInvoker.Rethrow(ResourceExecutedContext context)
   at Microsoft.AspNetCore.Mvc.Internal.ResourceInvoker.Next(State& next, Scope& scope, Object& state, Boolean& isCompleted)
   at Microsoft.AspNetCore.Mvc.Internal.ResourceInvoker.InvokeFilterPipelineAsync()
   at Microsoft.AspNetCore.Mvc.Internal.ResourceInvoker.InvokeAsync()
   at Microsoft.AspNetCore.Routing.EndpointMiddleware.Invoke(HttpContext httpContext)
   at Microsoft.AspNetCore.Routing.EndpointRoutingMiddleware.Invoke(HttpContext httpContext)
   at Microsoft.AspNetCore.StaticFiles.StaticFileMiddleware.Invoke(HttpContext context)
   at Swashbuckle.AspNetCore.SwaggerUI.SwaggerUIMiddleware.Invoke(HttpContext httpContext)
   at Swashbuckle.AspNetCore.Swagger.SwaggerMiddleware.Invoke(HttpContext httpContext, ISwaggerProvider swaggerProvider)
   at IdentityServer4.Hosting.IdentityServerMiddleware.Invoke(HttpContext context, IEndpointRouter router, IUserSession session, IEventService events) in C:\local\identity\server4\IdentityServer4\src\Hosting\IdentityServerMiddleware.cs:line 72
   at Microsoft.AspNetCore.Authentication.AuthenticationMiddleware.Invoke(HttpContext context)
   at IdentityServer4.Hosting.BaseUrlMiddleware.Invoke(HttpContext context) in C:\local\identity\server4\IdentityServer4\src\Hosting\BaseUrlMiddleware.cs:line 36
   at Microsoft.AspNetCore.StaticFiles.StaticFileMiddleware.Invoke(HttpContext context)
   at Microsoft.AspNetCore.Diagnostics.DeveloperExceptionPageMiddleware.Invoke(HttpContext context)
2019-04-30T14:28:18.9840738+03:00 0HLMDBMVR8DBF:00000001 [DBG] AuthenticationScheme: "Bearer" was successfully authenticated. (1805f3b3)
2019-04-30T14:28:30.2556946+03:00 0HLMDBMVR8DBH:00000002 [DBG] AuthenticationScheme: "Bearer" was successfully authenticated. (1805f3b3)
